\BOOKMARK [1][-]{section*.2}{Sa\236etak}{}% 1
\BOOKMARK [1][-]{section.1}{Uvod}{}% 2
\BOOKMARK [1][-]{section.2}{Postupak prijave i izrade zavr\235nog rada}{}% 3
\BOOKMARK [2][-]{subsection.2.1}{Odabir mentora i teme}{section.2}% 4
\BOOKMARK [2][-]{subsection.2.2}{Izrada rada}{section.2}% 5
\BOOKMARK [2][-]{subsection.2.3}{Predaja rada}{section.2}% 6
\BOOKMARK [2][-]{subsection.2.4}{Obrana rada}{section.2}% 7
\BOOKMARK [1][-]{section.3}{Oblikovanje zavr\235nog rada}{}% 8
\BOOKMARK [2][-]{subsection.3.1}{Odabir ureivaca teksta}{section.3}% 9
\BOOKMARK [2][-]{subsection.3.2}{Osnovne postavke oblikovanja teksta}{section.3}% 10
\BOOKMARK [2][-]{subsection.3.3}{Struktura zavr\235nog rada}{section.3}% 11
\BOOKMARK [2][-]{subsection.3.4}{Slike, tablice i programski k\364d}{section.3}% 12
\BOOKMARK [2][-]{subsection.3.5}{Pravopis i gramatika}{section.3}% 13
\BOOKMARK [2][-]{subsection.3.6}{Kratice}{section.3}% 14
\BOOKMARK [2][-]{subsection.3.7}{Strane rijeci}{section.3}% 15
\BOOKMARK [2][-]{subsection.3.8}{Stil}{section.3}% 16
\BOOKMARK [2][-]{subsection.3.9}{Popis literature}{section.3}% 17
\BOOKMARK [2][-]{subsection.3.10}{Plagiranje}{section.3}% 18
\BOOKMARK [2][-]{subsection.3.11}{Imenovanje dokumenta}{section.3}% 19
\BOOKMARK [2][-]{subsection.3.12}{Jezicni savjeti}{section.3}% 20
\BOOKMARK [1][-]{section.4}{Zakljucak}{}% 21
\BOOKMARK [1][-]{section.4}{Literatura}{}% 22
\BOOKMARK [1][-]{section*.7}{Dodaci}{}% 23
